driver/build/intermediates/manifest_merge_blame_file/release/manifest-merger-blame-release-report.txt
1<?xml version="1.0" encoding="utf-8"?>
2<manifest xmlns:android="http://schemas.android.com/apk/res/android"
3    package="com.tawabsoft.taxi.driver"
4    android:hardwareAccelerated="true"
5    android:versionCode="53"
6    android:versionName="3.1.10" >
7
8    <uses-sdk
9        android:minSdkVersion="19"
9-->src\main\AndroidManifest.xml
10        android:targetSdkVersion="29" />
10-->src\main\AndroidManifest.xml
11
12    <uses-permission android:name="android.permission.ACCESS_FINE_LOCATION" />
12-->src\main\AndroidManifest.xml:7:5-79
12-->src\main\AndroidManifest.xml:7:22-76
13    <uses-permission android:name="android.permission.ACCESS_COARSE_LOCATION" />
13-->src\main\AndroidManifest.xml:8:5-81
13-->src\main\AndroidManifest.xml:8:22-78
14    <uses-permission android:name="android.permission.ACCESS_BACKGROUND_LOCATION" />
14-->src\main\AndroidManifest.xml:9:5-85
14-->src\main\AndroidManifest.xml:9:22-82
15    <uses-permission android:name="android.permission.INTERNET" />
15-->src\main\AndroidManifest.xml:10:5-67
15-->src\main\AndroidManifest.xml:10:22-64
16    <uses-permission android:name="android.permission.VIBRATE" />
16-->src\main\AndroidManifest.xml:11:5-66
16-->src\main\AndroidManifest.xml:11:22-63
17    <uses-permission android:name="com.google.android.providers.gsf.permission.READ_GSERVICES" />
17-->src\main\AndroidManifest.xml:12:5-98
17-->src\main\AndroidManifest.xml:12:22-95
18    <uses-permission android:name="android.permission.READ_EXTERNAL_STORAGE" />
18-->src\main\AndroidManifest.xml:13:5-80
18-->src\main\AndroidManifest.xml:13:22-77
19    <uses-permission android:name="android.permission.WRITE_EXTERNAL_STORAGE" />
19-->src\main\AndroidManifest.xml:14:5-81
19-->src\main\AndroidManifest.xml:14:22-78
20    <uses-permission android:name="android.permission.CALL_PHONE" />
20-->src\main\AndroidManifest.xml:15:5-69
20-->src\main\AndroidManifest.xml:15:22-66
21    <uses-permission android:name="android.permission.ACCESS_NETWORK_STATE" />
21-->src\main\AndroidManifest.xml:16:5-79
21-->src\main\AndroidManifest.xml:16:22-76
22    <uses-permission android:name="android.permission.CAMERA" />
22-->src\main\AndroidManifest.xml:17:5-65
22-->src\main\AndroidManifest.xml:17:22-62
23
24    <uses-feature
24-->[com.google.android.gms:play-services-maps:17.0.0] AndroidManifest.xml:26:5-28:35
25        android:glEsVersion="0x00020000"
25-->[com.google.android.gms:play-services-maps:17.0.0] AndroidManifest.xml:27:9-41
26        android:required="true" />
26-->[com.google.android.gms:play-services-maps:17.0.0] AndroidManifest.xml:28:9-32
27
28    <uses-permission android:name="android.permission.WAKE_LOCK" /> <!-- Required by older versions of Google Play services to create IID tokens -->
28-->[com.google.android.gms:play-services-measurement-api:17.4.3] AndroidManifest.xml:24:5-68
28-->[com.google.android.gms:play-services-measurement-api:17.4.3] AndroidManifest.xml:24:22-65
29    <uses-permission android:name="com.google.android.c2dm.permission.RECEIVE" />
29-->[com.google.firebase:firebase-iid:20.2.1] AndroidManifest.xml:26:5-82
29-->[com.google.firebase:firebase-iid:20.2.1] AndroidManifest.xml:26:22-79
30    <uses-permission android:name="com.google.android.finsky.permission.BIND_GET_INSTALL_REFERRER_SERVICE" />
30-->[com.google.android.gms:play-services-measurement:17.4.3] AndroidManifest.xml:26:5-110
30-->[com.google.android.gms:play-services-measurement:17.4.3] AndroidManifest.xml:26:22-107
31
32    <application
32-->src\main\AndroidManifest.xml:19:5-75:19
33        android:name="com.tawabsoft.taxi.common.MyTaxiApplication"
33-->src\main\AndroidManifest.xml:20:9-67
34        android:allowBackup="true"
34-->src\main\AndroidManifest.xml:21:9-35
35        android:appComponentFactory="androidx.core.app.CoreComponentFactory"
35-->[androidx.core:core:1.3.1] AndroidManifest.xml:24:18-86
36        android:clearTaskOnLaunch="true"
36-->src\main\AndroidManifest.xml:22:9-41
37        android:fullBackupContent="true"
37-->src\main\AndroidManifest.xml:23:9-41
38        android:icon="@drawable/group_9840"
38-->src\main\AndroidManifest.xml:24:9-44
39        android:label="@string/driver_app_name"
39-->src\main\AndroidManifest.xml:25:9-48
40        android:requestLegacyExternalStorage="true"
40-->src\main\AndroidManifest.xml:26:9-52
41        android:roundIcon="@drawable/group_9840"
41-->src\main\AndroidManifest.xml:27:9-49
42        android:supportsRtl="true"
42-->src\main\AndroidManifest.xml:28:9-35
43        android:theme="@style/Theme.Default"
43-->src\main\AndroidManifest.xml:29:9-45
44        android:usesCleartextTraffic="true" >
44-->src\main\AndroidManifest.xml:30:9-44
45        <activity android:name="com.tawabsoft.taxi.driver.login.LoginDriverActivity" />
45-->src\main\AndroidManifest.xml:33:9-72
45-->src\main\AndroidManifest.xml:33:19-60
46
47        <meta-data
47-->src\main\AndroidManifest.xml:35:9-37:55
48            android:name="com.google.android.geo.API_KEY"
48-->src\main\AndroidManifest.xml:36:13-58
49            android:value="@string/google_maps_key" />
49-->src\main\AndroidManifest.xml:37:13-52
50
51        <activity
51-->src\main\AndroidManifest.xml:39:9-50:20
52            android:name="com.braintreepayments.api.BraintreeBrowserSwitchActivity"
52-->src\main\AndroidManifest.xml:40:13-84
53            android:launchMode="singleTask" >
53-->src\main\AndroidManifest.xml:41:13-44
54            <intent-filter>
54-->src\main\AndroidManifest.xml:42:13-49:29
55                <action android:name="android.intent.action.VIEW" />
55-->src\main\AndroidManifest.xml:43:17-69
55-->src\main\AndroidManifest.xml:43:25-66
56
57                <category android:name="android.intent.category.DEFAULT" />
57-->src\main\AndroidManifest.xml:45:17-76
57-->src\main\AndroidManifest.xml:45:27-73
58                <category android:name="android.intent.category.BROWSABLE" />
58-->src\main\AndroidManifest.xml:46:17-78
58-->src\main\AndroidManifest.xml:46:27-75
59
60                <data android:scheme="com.tawabsoft.taxi.driver.braintree" />
60-->src\main\AndroidManifest.xml:48:23-66
61            </intent-filter>
62        </activity>
63        <activity android:name="com.tawabsoft.taxi.common.activities.chargeAccount.ChargeAccountActivity" />
63-->src\main\AndroidManifest.xml:51:9-109
63-->src\main\AndroidManifest.xml:51:19-106
64        <activity android:name="com.tawabsoft.taxi.driver.activities.splash.SplashActivity" >
64-->src\main\AndroidManifest.xml:52:9-61:20
64-->src\main\AndroidManifest.xml:53:13-61
65            <intent-filter>
65-->src\main\AndroidManifest.xml:55:13-60:29
66                <action android:name="android.intent.action.MAIN" />
66-->src\main\AndroidManifest.xml:56:17-69
66-->src\main\AndroidManifest.xml:56:25-66
67                <action android:name="android.intent.action.VIEW" />
67-->src\main\AndroidManifest.xml:43:17-69
67-->src\main\AndroidManifest.xml:43:25-66
68
69                <category android:name="android.intent.category.LAUNCHER" />
69-->src\main\AndroidManifest.xml:59:17-77
69-->src\main\AndroidManifest.xml:59:27-74
70            </intent-filter>
71        </activity>
72        <activity
72-->src\main\AndroidManifest.xml:62:9-64:52
73            android:name="com.tawabsoft.taxi.driver.activities.main.MainActivity"
73-->src\main\AndroidManifest.xml:63:13-57
74            android:screenOrientation="portrait" />
74-->src\main\AndroidManifest.xml:64:13-49
75        <activity android:name="com.tawabsoft.taxi.driver.activities.profile.ProfileActivity" />
75-->src\main\AndroidManifest.xml:65:9-72
75-->src\main\AndroidManifest.xml:65:19-69
76        <activity android:name="com.tawabsoft.taxi.driver.activities.waitingForPayment.WaitingForPaymentActivity" />
76-->src\main\AndroidManifest.xml:66:9-92
76-->src\main\AndroidManifest.xml:66:19-89
77        <activity
77-->src\main\AndroidManifest.xml:67:9-69:52
78            android:name="com.tawabsoft.taxi.driver.activities.travel.TravelActivity"
78-->src\main\AndroidManifest.xml:68:13-61
79            android:screenOrientation="portrait" />
79-->src\main\AndroidManifest.xml:69:13-49
80        <activity
80-->src\main\AndroidManifest.xml:70:9-72:52
81            android:name="com.yalantis.ucrop.UCropActivity"
81-->src\main\AndroidManifest.xml:71:13-60
82            android:theme="@style/Theme.Default" />
82-->src\main\AndroidManifest.xml:72:13-49
83        <activity android:name="com.tawabsoft.taxi.driver.activities.statistics.StatisticsActivity" />
83-->src\main\AndroidManifest.xml:73:9-78
83-->src\main\AndroidManifest.xml:73:19-75
84        <activity android:name="com.tawabsoft.taxi.driver.activities.about.AboutActivity" />
84-->src\main\AndroidManifest.xml:74:9-68
84-->src\main\AndroidManifest.xml:74:19-65
85        <activity android:name="com.tawabsoft.taxi.common.activities.chat.ChatActivity" />
85-->[:common] AndroidManifest.xml:18:9-91
85-->[:common] AndroidManifest.xml:18:19-88
86        <activity android:name="com.tawabsoft.taxi.common.activities.travels.TravelsActivity" />
86-->[:common] AndroidManifest.xml:19:9-97
86-->[:common] AndroidManifest.xml:19:19-94
87        <activity android:name="com.tawabsoft.taxi.common.activities.contactUs.ContactUsActivity" />
87-->[:common] AndroidManifest.xml:20:9-101
87-->[:common] AndroidManifest.xml:20:19-98
88        <activity android:name="com.tawabsoft.taxi.common.activities.chargeAccount.PaymentCallbackActivity" >
88-->[:common] AndroidManifest.xml:21:9-30:20
88-->[:common] AndroidManifest.xml:21:19-108
89            <intent-filter>
89-->[:common] AndroidManifest.xml:22:13-29:29
90                <action android:name="android.intent.action.VIEW" />
90-->src\main\AndroidManifest.xml:43:17-69
90-->src\main\AndroidManifest.xml:43:25-66
91
92                <category android:name="android.intent.category.DEFAULT" />
92-->src\main\AndroidManifest.xml:45:17-76
92-->src\main\AndroidManifest.xml:45:27-73
93                <category android:name="android.intent.category.BROWSABLE" />
93-->src\main\AndroidManifest.xml:46:17-78
93-->src\main\AndroidManifest.xml:46:27-75
94
95                <data android:scheme="taxi" />
95-->src\main\AndroidManifest.xml:48:23-66
96            </intent-filter>
97        </activity>
98        <activity android:name="com.tawabsoft.taxi.common.activities.transactions.TransactionsActivity" />
98-->[:common] AndroidManifest.xml:31:9-107
98-->[:common] AndroidManifest.xml:31:19-104
99        <activity
99-->[com.stripe:stripe-android:14.5.0] AndroidManifest.xml:12:9-14:57
100            android:name="com.stripe.android.view.AddPaymentMethodActivity"
100-->[com.stripe:stripe-android:14.5.0] AndroidManifest.xml:13:13-76
101            android:theme="@style/StripeDefaultTheme" />
101-->[com.stripe:stripe-android:14.5.0] AndroidManifest.xml:14:13-54
102        <activity
102-->[com.stripe:stripe-android:14.5.0] AndroidManifest.xml:15:9-17:57
103            android:name="com.stripe.android.view.PaymentMethodsActivity"
103-->[com.stripe:stripe-android:14.5.0] AndroidManifest.xml:16:13-74
104            android:theme="@style/StripeDefaultTheme" />
104-->[com.stripe:stripe-android:14.5.0] AndroidManifest.xml:17:13-54
105        <activity
105-->[com.stripe:stripe-android:14.5.0] AndroidManifest.xml:18:9-20:57
106            android:name="com.stripe.android.view.PaymentFlowActivity"
106-->[com.stripe:stripe-android:14.5.0] AndroidManifest.xml:19:13-71
107            android:theme="@style/StripeDefaultTheme" />
107-->[com.stripe:stripe-android:14.5.0] AndroidManifest.xml:20:13-54
108        <activity
108-->[com.stripe:stripe-android:14.5.0] AndroidManifest.xml:21:9-23:57
109            android:name="com.stripe.android.view.PaymentAuthWebViewActivity"
109-->[com.stripe:stripe-android:14.5.0] AndroidManifest.xml:22:13-78
110            android:theme="@style/StripeDefaultTheme" />
110-->[com.stripe:stripe-android:14.5.0] AndroidManifest.xml:23:13-54
111        <activity
111-->[com.stripe:stripe-android:14.5.0] AndroidManifest.xml:24:9-26:57
112            android:name="com.stripe.android.view.PaymentRelayActivity"
112-->[com.stripe:stripe-android:14.5.0] AndroidManifest.xml:25:13-72
113            android:theme="@style/StripeDefaultTheme" />
113-->[com.stripe:stripe-android:14.5.0] AndroidManifest.xml:26:13-54
114        <activity
114-->[com.stripe:stripe-android:14.5.0] AndroidManifest.xml:27:9-29:57
115            android:name="com.stripe.android.view.Stripe3ds2CompletionActivity"
115-->[com.stripe:stripe-android:14.5.0] AndroidManifest.xml:28:13-80
116            android:theme="@style/StripeDefaultTheme" />
116-->[com.stripe:stripe-android:14.5.0] AndroidManifest.xml:29:13-54
117        <activity
117-->[com.stripe:stripe-3ds2-android:3.0.2] AndroidManifest.xml:12:9-14:54
118            android:name="com.stripe.android.stripe3ds2.views.ChallengeActivity"
118-->[com.stripe:stripe-3ds2-android:3.0.2] AndroidManifest.xml:13:13-81
119            android:theme="@style/Stripe3DS2Theme" />
119-->[com.stripe:stripe-3ds2-android:3.0.2] AndroidManifest.xml:14:13-51
120        <activity
120-->[com.stripe:stripe-3ds2-android:3.0.2] AndroidManifest.xml:15:9-17:54
121            android:name="com.stripe.android.stripe3ds2.views.ChallengeProgressDialogActivity"
121-->[com.stripe:stripe-3ds2-android:3.0.2] AndroidManifest.xml:16:13-95
122            android:theme="@style/Stripe3DS2Theme" />
122-->[com.stripe:stripe-3ds2-android:3.0.2] AndroidManifest.xml:17:13-51
123
124        <meta-data
124-->[com.firebaseui:firebase-ui-auth:6.2.1] AndroidManifest.xml:16:9-18:69
125            android:name="com.google.android.gms.version"
125-->[com.firebaseui:firebase-ui-auth:6.2.1] AndroidManifest.xml:17:13-58
126            android:value="@integer/google_play_services_version" />
126-->[com.firebaseui:firebase-ui-auth:6.2.1] AndroidManifest.xml:18:13-66
127        <meta-data
127-->[com.firebaseui:firebase-ui-auth:6.2.1] AndroidManifest.xml:19:9-21:63
128            android:name="com.facebook.sdk.ApplicationId"
128-->[com.firebaseui:firebase-ui-auth:6.2.1] AndroidManifest.xml:20:13-58
129            android:value="@string/facebook_application_id" />
129-->[com.firebaseui:firebase-ui-auth:6.2.1] AndroidManifest.xml:21:13-60
130
131        <activity
131-->[com.firebaseui:firebase-ui-auth:6.2.1] AndroidManifest.xml:23:9-27:61
132            android:name="com.firebase.ui.auth.KickoffActivity"
132-->[com.firebaseui:firebase-ui-auth:6.2.1] AndroidManifest.xml:24:13-64
133            android:exported="false"
133-->[com.firebaseui:firebase-ui-auth:6.2.1] AndroidManifest.xml:25:13-37
134            android:label=""
134-->[com.firebaseui:firebase-ui-auth:6.2.1] AndroidManifest.xml:26:13-29
135            android:theme="@style/FirebaseUI.Transparent" />
135-->[com.firebaseui:firebase-ui-auth:6.2.1] AndroidManifest.xml:27:13-58
136        <activity
136-->[com.firebaseui:firebase-ui-auth:6.2.1] AndroidManifest.xml:28:9-32:61
137            android:name="com.firebase.ui.auth.ui.idp.SingleSignInActivity"
137-->[com.firebaseui:firebase-ui-auth:6.2.1] AndroidManifest.xml:29:13-76
138            android:exported="false"
138-->[com.firebaseui:firebase-ui-auth:6.2.1] AndroidManifest.xml:30:13-37
139            android:label=""
139-->[com.firebaseui:firebase-ui-auth:6.2.1] AndroidManifest.xml:31:13-29
140            android:theme="@style/FirebaseUI.Transparent" />
140-->[com.firebaseui:firebase-ui-auth:6.2.1] AndroidManifest.xml:32:13-58
141        <activity
141-->[com.firebaseui:firebase-ui-auth:6.2.1] AndroidManifest.xml:33:9-37:61
142            android:name="com.firebase.ui.auth.ui.credentials.CredentialSaveActivity"
142-->[com.firebaseui:firebase-ui-auth:6.2.1] AndroidManifest.xml:34:13-86
143            android:exported="false"
143-->[com.firebaseui:firebase-ui-auth:6.2.1] AndroidManifest.xml:35:13-37
144            android:label=""
144-->[com.firebaseui:firebase-ui-auth:6.2.1] AndroidManifest.xml:36:13-29
145            android:theme="@style/FirebaseUI.Transparent" />
145-->[com.firebaseui:firebase-ui-auth:6.2.1] AndroidManifest.xml:37:13-58
146        <activity
146-->[com.firebaseui:firebase-ui-auth:6.2.1] AndroidManifest.xml:38:9-42:58
147            android:name="com.firebase.ui.auth.ui.email.RecoverPasswordActivity"
147-->[com.firebaseui:firebase-ui-auth:6.2.1] AndroidManifest.xml:39:13-81
148            android:exported="false"
148-->[com.firebaseui:firebase-ui-auth:6.2.1] AndroidManifest.xml:40:13-37
149            android:label="@string/fui_title_recover_password_activity"
149-->[com.firebaseui:firebase-ui-auth:6.2.1] AndroidManifest.xml:41:13-72
150            android:windowSoftInputMode="adjustResize" />
150-->[com.firebaseui:firebase-ui-auth:6.2.1] AndroidManifest.xml:42:13-55
151        <activity
151-->[com.firebaseui:firebase-ui-auth:6.2.1] AndroidManifest.xml:43:9-47:58
152            android:name="com.firebase.ui.auth.ui.email.EmailActivity"
152-->[com.firebaseui:firebase-ui-auth:6.2.1] AndroidManifest.xml:44:13-71
153            android:exported="false"
153-->[com.firebaseui:firebase-ui-auth:6.2.1] AndroidManifest.xml:45:13-37
154            android:label="@string/fui_sign_in_default"
154-->[com.firebaseui:firebase-ui-auth:6.2.1] AndroidManifest.xml:46:13-56
155            android:windowSoftInputMode="adjustResize" />
155-->[com.firebaseui:firebase-ui-auth:6.2.1] AndroidManifest.xml:47:13-55
156        <activity
156-->[com.firebaseui:firebase-ui-auth:6.2.1] AndroidManifest.xml:48:9-52:77
157            android:name="com.firebase.ui.auth.ui.phone.PhoneActivity"
157-->[com.firebaseui:firebase-ui-auth:6.2.1] AndroidManifest.xml:49:13-71
158            android:exported="false"
158-->[com.firebaseui:firebase-ui-auth:6.2.1] AndroidManifest.xml:50:13-37
159            android:label="@string/fui_sign_in_with_phone_number"
159-->[com.firebaseui:firebase-ui-auth:6.2.1] AndroidManifest.xml:51:13-66
160            android:windowSoftInputMode="adjustResize|stateAlwaysVisible" />
160-->[com.firebaseui:firebase-ui-auth:6.2.1] AndroidManifest.xml:52:13-74
161        <activity
161-->[com.firebaseui:firebase-ui-auth:6.2.1] AndroidManifest.xml:53:9-57:58
162            android:name="com.firebase.ui.auth.ui.idp.WelcomeBackIdpPrompt"
162-->[com.firebaseui:firebase-ui-auth:6.2.1] AndroidManifest.xml:54:13-76
163            android:exported="false"
163-->[com.firebaseui:firebase-ui-auth:6.2.1] AndroidManifest.xml:55:13-37
164            android:label="@string/fui_title_welcome_back_idp_prompt"
164-->[com.firebaseui:firebase-ui-auth:6.2.1] AndroidManifest.xml:56:13-70
165            android:windowSoftInputMode="adjustResize" />
165-->[com.firebaseui:firebase-ui-auth:6.2.1] AndroidManifest.xml:57:13-55
166        <activity
166-->[com.firebaseui:firebase-ui-auth:6.2.1] AndroidManifest.xml:58:9-62:58
167            android:name="com.firebase.ui.auth.ui.email.WelcomeBackPasswordPrompt"
167-->[com.firebaseui:firebase-ui-auth:6.2.1] AndroidManifest.xml:59:13-83
168            android:exported="false"
168-->[com.firebaseui:firebase-ui-auth:6.2.1] AndroidManifest.xml:60:13-37
169            android:label="@string/fui_title_welcome_back_password_prompt"
169-->[com.firebaseui:firebase-ui-auth:6.2.1] AndroidManifest.xml:61:13-75
170            android:windowSoftInputMode="adjustResize" />
170-->[com.firebaseui:firebase-ui-auth:6.2.1] AndroidManifest.xml:62:13-55
171        <activity
171-->[com.firebaseui:firebase-ui-auth:6.2.1] AndroidManifest.xml:63:9-67:58
172            android:name="com.firebase.ui.auth.ui.email.WelcomeBackEmailLinkPrompt"
172-->[com.firebaseui:firebase-ui-auth:6.2.1] AndroidManifest.xml:64:13-84
173            android:exported="false"
173-->[com.firebaseui:firebase-ui-auth:6.2.1] AndroidManifest.xml:65:13-37
174            android:label="@string/fui_title_welcome_back_password_prompt"
174-->[com.firebaseui:firebase-ui-auth:6.2.1] AndroidManifest.xml:66:13-75
175            android:windowSoftInputMode="adjustResize" />
175-->[com.firebaseui:firebase-ui-auth:6.2.1] AndroidManifest.xml:67:13-55
176        <activity
176-->[com.firebaseui:firebase-ui-auth:6.2.1] AndroidManifest.xml:68:9-73:58
177            android:name="com.firebase.ui.auth.ui.email.EmailLinkCatcherActivity"
177-->[com.firebaseui:firebase-ui-auth:6.2.1] AndroidManifest.xml:69:13-82
178            android:exported="false"
178-->[com.firebaseui:firebase-ui-auth:6.2.1] AndroidManifest.xml:70:13-37
179            android:label=""
179-->[com.firebaseui:firebase-ui-auth:6.2.1] AndroidManifest.xml:71:13-29
180            android:theme="@style/FirebaseUI.Transparent"
180-->[com.firebaseui:firebase-ui-auth:6.2.1] AndroidManifest.xml:72:13-58
181            android:windowSoftInputMode="adjustResize" />
181-->[com.firebaseui:firebase-ui-auth:6.2.1] AndroidManifest.xml:73:13-55
182        <activity
182-->[com.firebaseui:firebase-ui-auth:6.2.1] AndroidManifest.xml:74:9-78:58
183            android:name="com.firebase.ui.auth.ui.email.EmailLinkErrorRecoveryActivity"
183-->[com.firebaseui:firebase-ui-auth:6.2.1] AndroidManifest.xml:75:13-88
184            android:exported="false"
184-->[com.firebaseui:firebase-ui-auth:6.2.1] AndroidManifest.xml:76:13-37
185            android:label="@string/fui_sign_in_default"
185-->[com.firebaseui:firebase-ui-auth:6.2.1] AndroidManifest.xml:77:13-56
186            android:windowSoftInputMode="adjustResize" />
186-->[com.firebaseui:firebase-ui-auth:6.2.1] AndroidManifest.xml:78:13-55
187        <activity
187-->[com.firebaseui:firebase-ui-auth:6.2.1] AndroidManifest.xml:79:9-82:65
188            android:name="com.firebase.ui.auth.ui.idp.AuthMethodPickerActivity"
188-->[com.firebaseui:firebase-ui-auth:6.2.1] AndroidManifest.xml:80:13-80
189            android:exported="false"
189-->[com.firebaseui:firebase-ui-auth:6.2.1] AndroidManifest.xml:81:13-37
190            android:label="@string/fui_default_toolbar_title" />
190-->[com.firebaseui:firebase-ui-auth:6.2.1] AndroidManifest.xml:82:13-62
191        <activity
191-->[com.firebaseui:firebase-ui-auth:6.2.1] AndroidManifest.xml:83:9-87:48
192            android:name="com.facebook.FacebookActivity"
192-->[com.firebaseui:firebase-ui-auth:6.2.1] AndroidManifest.xml:84:13-57
193            android:configChanges="keyboard|keyboardHidden|screenLayout|screenSize|orientation"
193-->[com.firebaseui:firebase-ui-auth:6.2.1] AndroidManifest.xml:85:13-96
194            android:label="@string/app_name" />
194-->[com.firebaseui:firebase-ui-auth:6.2.1] AndroidManifest.xml:86:13-45
195        <activity
195-->[com.firebaseui:firebase-ui-auth:6.2.1] AndroidManifest.xml:88:9-100:20
196            android:name="com.facebook.CustomTabActivity"
196-->[com.firebaseui:firebase-ui-auth:6.2.1] AndroidManifest.xml:89:13-58
197            android:exported="true" >
197-->[com.firebaseui:firebase-ui-auth:6.2.1] AndroidManifest.xml:90:13-36
198            <intent-filter>
198-->[com.firebaseui:firebase-ui-auth:6.2.1] AndroidManifest.xml:92:13-99:29
199                <action android:name="android.intent.action.VIEW" />
199-->src\main\AndroidManifest.xml:43:17-69
199-->src\main\AndroidManifest.xml:43:25-66
200
201                <category android:name="android.intent.category.DEFAULT" />
201-->src\main\AndroidManifest.xml:45:17-76
201-->src\main\AndroidManifest.xml:45:27-73
202                <category android:name="android.intent.category.BROWSABLE" />
202-->src\main\AndroidManifest.xml:46:17-78
202-->src\main\AndroidManifest.xml:46:27-75
203
204                <data android:scheme="@string/facebook_login_protocol_scheme" />
204-->src\main\AndroidManifest.xml:48:23-66
205            </intent-filter>
206        </activity>
207
208        <provider
208-->[com.firebaseui:firebase-ui-auth:6.2.1] AndroidManifest.xml:102:9-106:38
209            android:name="com.firebase.ui.auth.data.client.AuthUiInitProvider"
209-->[com.firebaseui:firebase-ui-auth:6.2.1] AndroidManifest.xml:103:13-79
210            android:authorities="com.tawabsoft.taxi.driver.authuiinitprovider"
210-->[com.firebaseui:firebase-ui-auth:6.2.1] AndroidManifest.xml:104:13-70
211            android:exported="false"
211-->[com.firebaseui:firebase-ui-auth:6.2.1] AndroidManifest.xml:105:13-37
212            android:initOrder="90" />
212-->[com.firebaseui:firebase-ui-auth:6.2.1] AndroidManifest.xml:106:13-35
213
214        <activity
214-->[com.braintreepayments.api:drop-in:3.7.1] AndroidManifest.xml:18:9-20:62
215            android:name="com.braintreepayments.api.threedsecure.ThreeDSecureWebViewActivity"
215-->[com.braintreepayments.api:drop-in:3.7.1] AndroidManifest.xml:19:13-94
216            android:theme="@style/bt_three_d_secure_theme" />
216-->[com.braintreepayments.api:drop-in:3.7.1] AndroidManifest.xml:20:13-59
217        <activity
217-->[com.braintreepayments.api:drop-in:3.7.1] AndroidManifest.xml:21:9-23:64
218            android:name="com.braintreepayments.api.dropin.DropInActivity"
218-->[com.braintreepayments.api:drop-in:3.7.1] AndroidManifest.xml:22:13-75
219            android:theme="@style/bt_drop_in_activity_theme" />
219-->[com.braintreepayments.api:drop-in:3.7.1] AndroidManifest.xml:23:13-61
220        <activity
220-->[com.braintreepayments.api:drop-in:3.7.1] AndroidManifest.xml:24:9-26:65
221            android:name="com.braintreepayments.api.dropin.AddCardActivity"
221-->[com.braintreepayments.api:drop-in:3.7.1] AndroidManifest.xml:25:13-76
222            android:theme="@style/bt_add_card_activity_theme" />
222-->[com.braintreepayments.api:drop-in:3.7.1] AndroidManifest.xml:26:13-62
223        <activity
223-->[com.braintreepayments.api:drop-in:3.7.1] AndroidManifest.xml:27:9-29:70
224            android:name="com.braintreepayments.api.dropin.VaultManagerActivity"
224-->[com.braintreepayments.api:drop-in:3.7.1] AndroidManifest.xml:28:13-81
225            android:theme="@style/bt_vault_manager_activity_theme" />
225-->[com.braintreepayments.api:drop-in:3.7.1] AndroidManifest.xml:29:13-67
226        <activity
226-->[com.github.esafirm.android-image-picker:imagepicker:2.2.0] AndroidManifest.xml:16:9-19:50
227            android:name="com.esafirm.imagepicker.features.ImagePickerActivity"
227-->[com.github.esafirm.android-image-picker:imagepicker:2.2.0] AndroidManifest.xml:17:13-80
228            android:configChanges="orientation|screenSize"
228-->[com.github.esafirm.android-image-picker:imagepicker:2.2.0] AndroidManifest.xml:18:13-59
229            android:theme="@style/ef_AppTheme" />
229-->[com.github.esafirm.android-image-picker:imagepicker:2.2.0] AndroidManifest.xml:19:13-47
230
231        <provider
231-->[com.github.esafirm.android-image-picker:imagepicker:2.2.0] AndroidManifest.xml:21:9-29:20
232            android:name="com.esafirm.imagepicker.helper.ImagePickerFileProvider"
232-->[com.github.esafirm.android-image-picker:imagepicker:2.2.0] AndroidManifest.xml:22:13-82
233            android:authorities="com.tawabsoft.taxi.driver.imagepicker.provider"
233-->[com.github.esafirm.android-image-picker:imagepicker:2.2.0] AndroidManifest.xml:23:13-72
234            android:exported="false"
234-->[com.github.esafirm.android-image-picker:imagepicker:2.2.0] AndroidManifest.xml:24:13-37
235            android:grantUriPermissions="true" >
235-->[com.github.esafirm.android-image-picker:imagepicker:2.2.0] AndroidManifest.xml:25:13-47
236            <meta-data
236-->[com.github.esafirm.android-image-picker:imagepicker:2.2.0] AndroidManifest.xml:26:13-28:71
237                android:name="android.support.FILE_PROVIDER_PATHS"
237-->[com.github.esafirm.android-image-picker:imagepicker:2.2.0] AndroidManifest.xml:27:17-67
238                android:resource="@xml/image_picker_provider_paths" />
238-->[com.github.esafirm.android-image-picker:imagepicker:2.2.0] AndroidManifest.xml:28:17-68
239        </provider> <!-- Needs to be explicitly declared on P+ -->
240        <uses-library
240-->[com.google.android.gms:play-services-maps:17.0.0] AndroidManifest.xml:33:9-35:40
241            android:name="org.apache.http.legacy"
241-->[com.google.android.gms:play-services-maps:17.0.0] AndroidManifest.xml:34:13-50
242            android:required="false" />
242-->[com.google.android.gms:play-services-maps:17.0.0] AndroidManifest.xml:35:13-37
243        <!--
244             FirebaseMessagingService performs security checks at runtime,
245             but set to not exported to explicitly avoid allowing another app to call it.
246        -->
247        <service
247-->[com.google.firebase:firebase-messaging:20.2.1] AndroidManifest.xml:28:9-35:19
248            android:name="com.google.firebase.messaging.FirebaseMessagingService"
248-->[com.google.firebase:firebase-messaging:20.2.1] AndroidManifest.xml:29:13-82
249            android:directBootAware="true"
249-->[com.google.firebase:firebase-messaging:20.2.1] AndroidManifest.xml:30:13-43
250            android:exported="false" >
250-->[com.google.firebase:firebase-messaging:20.2.1] AndroidManifest.xml:31:13-37
251            <intent-filter android:priority="-500" >
251-->[com.google.firebase:firebase-messaging:20.2.1] AndroidManifest.xml:32:13-34:29
251-->[com.google.firebase:firebase-messaging:20.2.1] AndroidManifest.xml:32:28-51
252                <action android:name="com.google.firebase.MESSAGING_EVENT" />
252-->[com.google.firebase:firebase-messaging:20.2.1] AndroidManifest.xml:33:17-78
252-->[com.google.firebase:firebase-messaging:20.2.1] AndroidManifest.xml:33:25-75
253            </intent-filter>
254        </service>
255        <service
255-->[com.google.firebase:firebase-messaging:20.2.1] AndroidManifest.xml:36:9-42:19
256            android:name="com.google.firebase.components.ComponentDiscoveryService"
256-->[com.google.firebase:firebase-messaging:20.2.1] AndroidManifest.xml:37:13-84
257            android:directBootAware="true"
257-->[com.google.firebase:firebase-common:19.3.0] AndroidManifest.xml:34:13-43
258            android:exported="false" >
258-->[com.google.firebase:firebase-messaging:20.2.1] AndroidManifest.xml:38:13-37
259            <meta-data
259-->[com.google.firebase:firebase-messaging:20.2.1] AndroidManifest.xml:39:13-41:85